[2016-05-26 17:44:47] START
[2016-05-26 17:44:47] EDIT TestBot/views/layout.html: -17
[2016-05-26 17:47:32] EDIT TestBot/views/layout.html: -6
[2016-05-26 17:49:23] EDIT TestBot/views/layout.html: 2
[2016-05-26 17:49:53] EDIT TestBot/views/layout.html: 0
[2016-05-26 17:51:16] EDIT TestBot/views/layout.html: -12
[2016-05-26 17:53:21] EDIT TestBot/views/layout.html: -29
[2016-05-26 17:56:00] EDIT TestBot/views/default/index.html: 0
[2016-05-26 18:02:17] EDIT TestBot/views/layout.html: 0
[2016-05-26 18:02:57] EDIT TestBot/views/layout.html: 0
[2016-05-26 18:24:37] EDIT TestBot/views/layout.html: -31
[2016-05-26 18:31:22] EDIT TestBot/views/default/index.html: 1
[2016-05-26 18:34:53] EDIT TestBot/controllers/default.py: 0
[2016-05-26 18:35:07] EDIT TestBot/controllers/default.py: 0
[2016-05-26 18:37:32] EDIT TestBot/controllers/default.py: 0
[2016-05-26 18:41:42] EDIT TestBot/views/layout.html: 93
[2016-05-26 18:42:38] EDIT TestBot/views/default/index.html: -1
[2016-05-26 18:59:47] DELETE TestBot/models/db_wizard.py: 0
[2016-05-26 18:59:53] DELETE TestBot/models/db_wizard_populate.py: -3
[2016-05-26 19:00:19] CREATE db_tables.py: 0
[2016-05-26 19:03:28] EDIT TestBot/models/db_tables.py: 4
[2016-05-26 19:03:38] EDIT TestBot/models/db_tables.py: 0
[2016-05-26 19:04:09] EDIT TestBot/models/db_tables.py: 0
[2016-05-26 19:04:33] EDIT TestBot/models/db_tables.py: 0
[2016-05-26 19:10:49] EDIT TestBot/controllers/default.py: 3
[2016-05-26 19:14:00] EDIT TestBot/controllers/default.py: 1
[2016-05-26 19:14:35] EDIT TestBot/controllers/default.py: 2
[2016-05-26 19:18:43] EDIT TestBot/controllers/default.py: 0
[2016-05-26 19:25:25] EDIT TestBot/controllers/default.py: 9
[2016-05-26 19:25:56] EDIT TestBot/controllers/default.py: 0
[2016-05-26 19:26:11] EDIT TestBot/controllers/default.py: 0
[2016-05-26 19:26:37] EDIT TestBot/controllers/default.py: 0
[2016-05-26 19:32:47] EDIT TestBot/controllers/default.py: 0
[2016-05-26 19:34:56] EDIT TestBot/controllers/default.py: -1
[2016-05-26 19:35:31] EDIT TestBot/controllers/default.py: 0
[2016-05-26 19:36:24] EDIT TestBot/controllers/default.py: 0
[2016-05-26 19:36:44] EDIT TestBot/controllers/default.py: 0
[2016-05-26 19:37:05] EDIT TestBot/controllers/default.py: 0
[2016-05-26 19:37:33] EDIT TestBot/controllers/default.py: -2
[2016-05-26 19:37:56] EDIT TestBot/controllers/default.py: 0
[2016-05-26 19:38:42] EDIT TestBot/controllers/default.py: 2
[2016-05-26 19:39:15] EDIT TestBot/controllers/default.py: 0
[2016-05-26 19:40:52] EDIT TestBot/controllers/default.py: 0
[2016-05-26 19:42:08] EDIT TestBot/controllers/default.py: 0
[2016-05-26 19:42:41] EDIT TestBot/controllers/default.py: 0
[2016-05-26 19:44:31] EDIT TestBot/controllers/default.py: 0
[2016-05-26 19:44:52] EDIT TestBot/controllers/default.py: 0
[2016-05-26 19:45:21] EDIT TestBot/controllers/default.py: 0
[2016-05-26 19:45:55] EDIT TestBot/controllers/default.py: 0
[2016-05-26 19:46:22] EDIT TestBot/controllers/default.py: 0
[2016-05-26 19:46:40] EDIT TestBot/controllers/default.py: 0
[2016-05-26 19:47:22] EDIT TestBot/controllers/default.py: -2
[2016-05-26 19:47:50] EDIT TestBot/controllers/default.py: 0
[2016-05-26 19:48:48] EDIT TestBot/controllers/default.py: 0
[2016-05-26 20:11:57] EDIT TestBot/controllers/default.py: 5
[2016-05-26 20:12:07] EDIT TestBot/controllers/default.py: 0
[2016-05-26 20:12:09] EDIT TestBot/controllers/default.py: 0
[2016-05-26 20:12:24] EDIT TestBot/controllers/default.py: 0
[2016-05-26 20:12:26] EDIT TestBot/controllers/default.py: 0
[2016-05-26 20:12:34] EDIT TestBot/controllers/default.py: 0
[2016-05-28 12:21:53] EDIT TestBot/controllers/default.py: 2
[2016-05-28 12:23:17] EDIT TestBot/controllers/default.py: 1
[2016-05-28 12:27:47] EDIT TestBot/controllers/default.py: 0
[2016-05-28 12:28:25] EDIT TestBot/controllers/default.py: 0
[2016-05-28 12:28:40] EDIT TestBot/controllers/default.py: 0
[2016-05-28 12:30:36] EDIT TestBot/controllers/default.py: 0
[2016-05-28 13:40:29] EDIT TestBot/controllers/default.py: 0
[2016-05-28 13:41:03] EDIT TestBot/controllers/default.py: 1
[2016-05-28 13:43:01] EDIT TestBot/controllers/default.py: 0
[2016-05-28 13:43:17] EDIT TestBot/controllers/default.py: -1
[2016-05-28 13:44:58] EDIT TestBot/controllers/default.py: 0
[2016-05-28 13:45:48] EDIT TestBot/controllers/default.py: 1
[2016-05-28 13:47:26] EDIT TestBot/controllers/default.py: 0
[2016-05-28 13:48:48] EDIT TestBot/controllers/default.py: 0
[2016-05-28 13:49:16] EDIT TestBot/controllers/default.py: 0
[2016-05-28 13:49:41] EDIT TestBot/controllers/default.py: 0
[2016-05-28 13:50:48] EDIT TestBot/controllers/default.py: 2
[2016-05-28 13:50:52] EDIT TestBot/controllers/default.py: 0
[2016-05-28 13:50:56] EDIT TestBot/controllers/default.py: 0
[2016-05-28 13:51:14] EDIT TestBot/controllers/default.py: 0
[2016-05-28 13:52:22] EDIT TestBot/controllers/default.py: 0
[2016-05-28 13:52:27] EDIT TestBot/controllers/default.py: 0
[2016-05-28 14:09:20] EDIT TestBot/controllers/default.py: 8
[2016-05-28 14:09:35] EDIT TestBot/controllers/default.py: 0
[2016-05-28 14:10:23] EDIT TestBot/controllers/default.py: 0
[2016-05-28 14:11:48] EDIT TestBot/controllers/default.py: 1
[2016-05-28 14:12:19] EDIT TestBot/controllers/default.py: 0
[2016-05-28 14:29:31] EDIT TestBot/controllers/default.py: 1
[2016-05-28 14:38:35] EDIT TestBot/controllers/default.py: 0
[2016-05-28 14:38:57] EDIT TestBot/controllers/default.py: 0
[2016-05-28 14:40:24] EDIT TestBot/controllers/default.py: 0
[2016-05-28 14:40:58] EDIT TestBot/controllers/default.py: 0
[2016-05-28 14:42:04] EDIT TestBot/controllers/default.py: 0
[2016-05-28 14:42:25] EDIT TestBot/controllers/default.py: 0
[2016-05-28 14:44:59] EDIT TestBot/controllers/default.py: 0
[2016-05-28 14:45:50] EDIT TestBot/controllers/default.py: 0
[2016-05-28 14:46:21] EDIT TestBot/controllers/default.py: 0
[2016-05-28 14:52:25] EDIT TestBot/controllers/default.py: 0
[2016-05-28 14:52:57] EDIT TestBot/controllers/default.py: 0
[2016-05-28 14:53:16] EDIT TestBot/controllers/default.py: 0
[2016-05-28 14:53:53] EDIT TestBot/controllers/default.py: 0
[2016-05-28 14:54:04] EDIT TestBot/controllers/default.py: 0
[2016-05-28 14:54:12] EDIT TestBot/controllers/default.py: 0
[2016-05-28 14:54:28] EDIT TestBot/controllers/default.py: 0
[2016-05-28 14:56:33] EDIT TestBot/controllers/default.py: 0
[2016-05-28 14:56:58] EDIT TestBot/controllers/default.py: 0
[2016-05-28 15:04:37] EDIT TestBot/controllers/default.py: 1
[2016-05-28 15:05:13] EDIT TestBot/controllers/default.py: -1
[2016-05-28 15:09:23] EDIT TestBot/controllers/default.py: 0
[2016-05-28 15:10:46] EDIT TestBot/controllers/default.py: 0
[2016-05-28 15:11:16] EDIT TestBot/controllers/default.py: 0
[2016-05-28 15:12:44] CREATE bot.py: 0
[2016-05-28 15:18:00] EDIT TestBot/controllers/bot.py: 0
[2016-05-28 15:18:14] EDIT TestBot/controllers/bot.py: 0
[2016-05-28 15:18:17] EDIT TestBot/controllers/bot.py: 0
[2016-05-28 15:18:57] EDIT TestBot/controllers/default.py: 1
[2016-05-28 15:19:41] EDIT TestBot/controllers/default.py: 1
[2016-05-28 15:31:17] EDIT TestBot/controllers/default.py: 0
[2016-05-29 06:56:52] CREATE bot.py: 0
[2016-05-29 06:57:12] DELETE TestBot/controllers/bot.py: -1
[2016-05-29 06:57:54] EDIT TestBot/models/0.py: 3
[2016-05-29 09:40:54] EDIT TestBot/controllers/default.py: 16
[2016-05-29 09:41:15] EDIT TestBot/controllers/default.py: 0
[2016-05-29 09:41:21] EDIT TestBot/controllers/default.py: 0
[2016-05-29 09:46:31] EDIT TestBot/controllers/default.py: 3
[2016-05-29 09:48:47] EDIT TestBot/controllers/default.py: 0
[2016-05-29 09:48:52] EDIT TestBot/controllers/default.py: 0
[2016-05-29 09:48:59] EDIT TestBot/controllers/default.py: 0
[2016-05-29 09:49:50] EDIT TestBot/controllers/default.py: 0
[2016-05-29 09:50:53] EDIT TestBot/controllers/default.py: 0
[2016-05-29 09:51:27] EDIT TestBot/controllers/default.py: 0
[2016-05-29 09:52:45] EDIT TestBot/controllers/default.py: 0
[2016-05-29 09:53:52] EDIT TestBot/controllers/default.py: 0
[2016-05-29 09:56:55] EDIT TestBot/controllers/default.py: 0
[2016-05-29 10:20:19] EDIT TestBot/controllers/default.py: 1
[2016-05-29 10:22:57] EDIT TestBot/controllers/default.py: -1
[2016-05-29 10:24:58] EDIT TestBot/controllers/default.py: -2
[2016-05-29 10:55:26] EDIT TestBot/controllers/default.py: 1
[2016-05-29 10:58:43] EDIT TestBot/controllers/default.py: 3
[2016-05-29 10:59:12] EDIT TestBot/controllers/default.py: 1
[2016-05-29 10:59:51] EDIT TestBot/controllers/default.py: 0
[2016-05-29 11:00:46] EDIT TestBot/controllers/default.py: 0
[2016-05-29 11:02:43] EDIT TestBot/controllers/default.py: 0
[2016-05-29 11:04:42] EDIT TestBot/controllers/default.py: 0
[2016-05-29 11:06:31] EDIT TestBot/controllers/default.py: 0
[2016-05-29 11:34:12] EDIT TestBot/controllers/default.py: 0
[2016-05-29 11:59:32] EDIT TestBot/controllers/default.py: 0
[2016-05-29 12:16:49] EDIT TestBot/controllers/default.py: 7
[2016-05-29 12:17:22] EDIT TestBot/controllers/default.py: 0
[2016-05-29 12:18:02] EDIT TestBot/controllers/default.py: 0
[2016-05-29 12:19:50] EDIT TestBot/controllers/default.py: -1
[2016-05-29 12:25:30] EDIT TestBot/controllers/default.py: 5
[2016-05-29 12:26:24] EDIT TestBot/controllers/default.py: 0
[2016-05-29 12:31:18] EDIT TestBot/controllers/default.py: 3
[2016-05-29 12:31:23] EDIT TestBot/controllers/default.py: 0
[2016-05-29 12:32:17] EDIT TestBot/controllers/default.py: 0
[2016-05-29 13:22:54] EDIT TestBot/controllers/default.py: 2
[2016-05-29 13:23:48] EDIT TestBot/controllers/default.py: 0
[2016-05-29 13:38:04] EDIT TestBot/controllers/default.py: 1
[2016-05-29 13:38:23] EDIT TestBot/controllers/default.py: 0
[2016-05-29 13:38:44] EDIT TestBot/controllers/default.py: 0
[2016-05-29 15:07:28] EDIT TestBot/controllers/default.py: 1
[2016-05-29 15:09:47] EDIT TestBot/controllers/default.py: -1
[2016-05-29 15:09:56] EDIT TestBot/controllers/default.py: 0
[2016-05-29 15:26:03] EDIT TestBot/controllers/default.py: 0
[2016-05-29 15:47:19] EDIT TestBot/models/db_tables.py: 8
[2016-05-29 15:47:47] EDIT TestBot/models/db_tables.py: 0
[2016-05-29 15:54:07] EDIT TestBot/controllers/default.py: 8
[2016-05-29 15:57:49] EDIT TestBot/controllers/default.py: 0
[2016-05-29 15:58:56] EDIT TestBot/controllers/default.py: 0
[2016-05-29 16:01:49] EDIT TestBot/controllers/default.py: 0
[2016-05-29 16:02:07] EDIT TestBot/controllers/default.py: 0
[2016-05-29 16:02:45] EDIT TestBot/controllers/default.py: 0
[2016-05-29 16:03:05] EDIT TestBot/controllers/default.py: 0
[2016-05-29 16:04:25] EDIT TestBot/controllers/default.py: 0
[2016-05-29 16:04:42] EDIT TestBot/controllers/default.py: 0
[2016-05-29 16:15:01] EDIT TestBot/controllers/default.py: 12
[2016-05-29 16:15:07] EDIT TestBot/controllers/default.py: 0
[2016-05-29 16:15:09] EDIT TestBot/controllers/default.py: 0
[2016-05-29 16:15:40] EDIT TestBot/controllers/default.py: 0
[2016-05-29 16:15:42] EDIT TestBot/controllers/default.py: 0
[2016-05-29 16:15:51] EDIT TestBot/controllers/default.py: 0
[2016-05-29 16:16:06] EDIT TestBot/controllers/default.py: 0
[2016-05-29 16:16:19] EDIT TestBot/controllers/default.py: 0
[2016-05-29 16:22:05] EDIT TestBot/controllers/default.py: 7
[2016-05-29 16:22:14] EDIT TestBot/controllers/default.py: 0
[2016-05-29 16:22:39] EDIT TestBot/controllers/default.py: 0
[2016-05-29 16:24:49] EDIT TestBot/controllers/default.py: 0
[2016-05-29 16:25:21] EDIT TestBot/controllers/default.py: 0
[2016-05-29 16:33:56] EDIT TestBot/controllers/default.py: 1
[2016-05-29 16:34:50] EDIT TestBot/controllers/default.py: -1
[2016-05-29 16:36:41] EDIT TestBot/controllers/default.py: 0
[2016-05-29 16:37:22] EDIT TestBot/controllers/default.py: 0
[2016-05-29 16:39:14] EDIT TestBot/controllers/default.py: 0
[2016-05-29 16:49:43] EDIT TestBot/controllers/default.py: 6
[2016-05-29 16:50:00] EDIT TestBot/controllers/default.py: 0
[2016-05-29 16:50:07] EDIT TestBot/controllers/default.py: 0
[2016-05-29 16:50:10] EDIT TestBot/controllers/default.py: 0
[2016-05-29 17:23:10] EDIT TestBot/controllers/default.py: 14
[2016-05-29 17:23:22] EDIT TestBot/controllers/default.py: 0
[2016-05-29 17:23:33] EDIT TestBot/controllers/default.py: 0
[2016-05-29 17:23:51] EDIT TestBot/controllers/default.py: -1
[2016-05-29 17:24:51] EDIT TestBot/controllers/default.py: 0
[2016-05-29 17:25:35] EDIT TestBot/controllers/default.py: 0
[2016-05-29 17:25:51] EDIT TestBot/controllers/default.py: 0
[2016-05-29 17:26:34] EDIT TestBot/controllers/default.py: 0
[2016-05-29 17:26:50] EDIT TestBot/controllers/default.py: 0
[2016-05-29 17:27:38] EDIT TestBot/controllers/default.py: 0
[2016-05-29 17:27:40] EDIT TestBot/controllers/default.py: 0
[2016-05-29 17:27:48] EDIT TestBot/controllers/default.py: 0
[2016-05-29 17:27:59] EDIT TestBot/controllers/default.py: 0
[2016-05-29 17:30:07] EDIT TestBot/controllers/default.py: 0
[2016-05-29 17:31:46] EDIT TestBot/controllers/default.py: 0
[2016-05-29 17:35:39] EDIT TestBot/controllers/default.py: 2
[2016-05-29 17:36:47] EDIT TestBot/controllers/default.py: 1
[2016-05-29 17:37:16] EDIT TestBot/controllers/default.py: 0
[2016-05-29 17:37:47] EDIT TestBot/controllers/default.py: 0
[2016-05-29 17:39:43] EDIT TestBot/controllers/default.py: -4
[2016-05-29 17:40:12] EDIT TestBot/controllers/default.py: 0
[2016-05-29 17:40:20] EDIT TestBot/controllers/default.py: 0
[2016-05-29 17:41:33] EDIT TestBot/controllers/default.py: 0
[2016-05-29 17:41:48] EDIT TestBot/controllers/default.py: 0
[2016-05-29 17:42:00] EDIT TestBot/controllers/default.py: 0
[2016-05-29 17:57:55] EDIT TestBot/controllers/default.py: 20
[2016-05-29 17:58:12] EDIT TestBot/controllers/default.py: 0
[2016-05-29 17:58:19] EDIT TestBot/controllers/default.py: 0
[2016-05-29 17:58:21] EDIT TestBot/controllers/default.py: 0
[2016-05-29 17:58:49] EDIT TestBot/controllers/default.py: 0
[2016-05-29 17:59:53] EDIT TestBot/controllers/default.py: 0
[2016-05-29 18:00:22] EDIT TestBot/controllers/default.py: 0
[2016-05-29 18:01:39] EDIT TestBot/controllers/default.py: 2
[2016-05-29 18:01:53] EDIT TestBot/controllers/default.py: 0
[2016-05-29 18:02:10] EDIT TestBot/controllers/default.py: 0
[2016-05-29 18:02:37] EDIT TestBot/controllers/default.py: 0
[2016-05-29 18:02:51] EDIT TestBot/controllers/default.py: 0
[2016-05-29 18:03:18] EDIT TestBot/controllers/default.py: 0
[2016-05-29 18:03:36] EDIT TestBot/controllers/default.py: 0
[2016-05-29 18:03:49] EDIT TestBot/controllers/default.py: 0
[2016-05-29 18:04:55] EDIT TestBot/controllers/default.py: 7
[2016-05-29 18:08:46] EDIT TestBot/controllers/default.py: 0
[2016-05-29 18:09:52] EDIT TestBot/controllers/default.py: 1
[2016-05-29 18:10:13] EDIT TestBot/controllers/default.py: 0
[2016-05-29 18:35:28] EDIT TestBot/controllers/default.py: 23
[2016-05-29 18:35:31] EDIT TestBot/controllers/default.py: 0
[2016-05-29 18:35:33] EDIT TestBot/controllers/default.py: 0
[2016-05-29 18:36:16] EDIT TestBot/controllers/default.py: 1
[2016-05-29 18:36:24] EDIT TestBot/controllers/default.py: 0
[2016-05-29 18:36:30] EDIT TestBot/controllers/default.py: 0
[2016-05-29 18:38:13] EDIT TestBot/controllers/default.py: 0
[2016-05-29 18:39:23] EDIT TestBot/controllers/default.py: 0
[2016-05-29 18:40:23] EDIT TestBot/controllers/default.py: 1
[2016-05-29 18:40:32] EDIT TestBot/controllers/default.py: 0
[2016-05-29 18:41:12] EDIT TestBot/controllers/default.py: 0
[2016-05-29 18:41:31] EDIT TestBot/controllers/default.py: 0
[2016-05-29 18:41:38] EDIT TestBot/controllers/default.py: 0
[2016-05-29 19:09:06] EDIT TestBot/controllers/default.py: 20
[2016-05-29 19:09:26] EDIT TestBot/controllers/default.py: 0
[2016-05-29 19:10:11] EDIT TestBot/controllers/default.py: -1
[2016-05-29 19:11:06] EDIT TestBot/controllers/default.py: -1
[2016-05-29 19:11:38] EDIT TestBot/controllers/default.py: 1
[2016-05-29 19:11:53] EDIT TestBot/controllers/default.py: 0
[2016-05-29 19:13:46] EDIT TestBot/controllers/default.py: 0
[2016-05-29 19:14:29] EDIT TestBot/controllers/default.py: 0
[2016-05-29 19:15:25] EDIT TestBot/controllers/default.py: 0
[2016-05-29 19:17:53] EDIT TestBot/controllers/default.py: 0
[2016-05-29 19:18:39] EDIT TestBot/controllers/default.py: 0
[2016-05-29 19:19:16] EDIT TestBot/controllers/default.py: 0
[2016-05-29 19:40:44] EDIT TestBot/controllers/default.py: 3
[2016-05-29 19:40:56] EDIT TestBot/controllers/default.py: -3
[2016-05-29 19:43:04] EDIT TestBot/controllers/default.py: 0
[2016-05-29 19:43:43] EDIT TestBot/controllers/default.py: 0
[2016-05-29 19:43:54] EDIT TestBot/controllers/default.py: 0
[2016-05-29 19:44:11] EDIT TestBot/controllers/default.py: 0
[2016-05-29 19:45:13] EDIT TestBot/controllers/default.py: 0
[2016-05-29 19:45:36] EDIT TestBot/controllers/default.py: 0
[2016-05-29 19:48:48] EDIT TestBot/controllers/default.py: 0
[2016-05-29 19:51:49] EDIT TestBot/controllers/default.py: 5
[2016-05-29 19:52:27] EDIT TestBot/controllers/default.py: 0
[2016-05-29 19:52:30] EDIT TestBot/controllers/default.py: 0
[2016-05-29 19:52:40] EDIT TestBot/controllers/default.py: 0
[2016-05-29 20:02:59] EDIT TestBot/controllers/default.py: 15
[2016-05-29 20:04:19] EDIT TestBot/controllers/default.py: 0
[2016-05-29 20:05:24] EDIT TestBot/controllers/default.py: 0
[2016-05-29 20:06:02] EDIT TestBot/controllers/default.py: 0
[2016-05-29 20:06:43] EDIT TestBot/controllers/default.py: 0
[2016-05-29 20:07:39] EDIT TestBot/controllers/default.py: 0
[2016-05-29 20:08:27] EDIT TestBot/controllers/default.py: 0
[2016-05-29 20:12:48] EDIT TestBot/controllers/default.py: 0
[2016-05-29 20:12:59] EDIT TestBot/controllers/default.py: 0
[2016-05-29 20:13:11] EDIT TestBot/controllers/default.py: 0
[2016-05-29 20:14:13] EDIT TestBot/controllers/default.py: 0
[2016-05-29 20:15:48] EDIT TestBot/controllers/default.py: 3
[2016-05-29 20:25:20] EDIT TestBot/controllers/default.py: 3
[2016-05-29 20:35:01] EDIT TestBot/controllers/default.py: 9
[2016-05-29 20:37:08] EDIT TestBot/controllers/default.py: 4
[2016-05-29 20:37:46] EDIT TestBot/controllers/default.py: 0
[2016-05-29 20:37:51] EDIT TestBot/controllers/default.py: 0
[2016-05-29 20:38:42] EDIT TestBot/controllers/default.py: -1
[2016-05-29 20:39:24] EDIT TestBot/controllers/default.py: 0
[2016-05-29 20:40:42] EDIT TestBot/controllers/default.py: 1
[2016-05-29 20:41:28] EDIT TestBot/controllers/default.py: 0
[2016-05-29 20:41:53] EDIT TestBot/controllers/default.py: 0
[2016-05-29 20:45:25] EDIT TestBot/controllers/default.py: 1
[2016-05-29 20:46:12] EDIT TestBot/controllers/default.py: 0
[2016-05-29 20:46:55] EDIT TestBot/controllers/default.py: 0
[2016-05-29 20:48:33] EDIT TestBot/controllers/default.py: 0
[2016-05-29 20:48:51] EDIT TestBot/controllers/default.py: 0
[2016-05-29 20:49:12] EDIT TestBot/controllers/default.py: 0
[2016-05-29 21:01:23] EDIT TestBot/controllers/default.py: 1
[2016-05-29 21:02:38] EDIT TestBot/controllers/default.py: 0
[2016-05-29 21:02:49] EDIT TestBot/controllers/default.py: 0
[2016-05-29 21:05:05] EDIT TestBot/controllers/default.py: 0
[2016-05-29 21:05:45] EDIT TestBot/controllers/default.py: 0
[2016-05-29 21:06:20] EDIT TestBot/controllers/default.py: 1
[2016-05-29 21:07:15] EDIT TestBot/controllers/default.py: -1
[2016-05-29 21:07:37] EDIT TestBot/controllers/default.py: 0
[2016-05-29 21:15:58] EDIT TestBot/controllers/default.py: -2
[2016-05-29 21:20:03] EDIT TestBot/controllers/default.py: 0
[2016-05-29 21:25:37] EDIT TestBot/controllers/default.py: -1
[2016-05-29 21:26:40] EDIT TestBot/controllers/default.py: 0
[2016-06-02 16:05:04] EDIT TestBot/models/db_tables.py: 2
[2016-06-02 16:20:04] EDIT TestBot/controllers/default.py: 60
[2016-06-02 16:25:02] EDIT TestBot/controllers/default.py: 0
[2016-06-02 16:30:27] EDIT TestBot/controllers/default.py: -2
[2016-06-02 17:00:40] EDIT TestBot/controllers/default.py: 31
[2016-06-02 17:01:23] EDIT TestBot/controllers/default.py: 1
[2016-06-02 17:01:59] EDIT TestBot/controllers/default.py: 0
[2016-06-02 17:02:52] EDIT TestBot/controllers/default.py: 0
[2016-06-02 17:05:21] EDIT TestBot/controllers/default.py: 0
[2016-06-02 17:07:42] EDIT TestBot/controllers/default.py: 0
[2016-06-02 17:08:44] EDIT TestBot/controllers/default.py: 0
[2016-06-02 17:09:02] EDIT TestBot/controllers/default.py: 0
[2016-06-02 17:12:25] EDIT TestBot/controllers/default.py: 0
[2016-06-02 17:35:33] EDIT TestBot/controllers/default.py: 1
[2016-06-02 18:25:08] CREATE telegram_token.py: 0
[2016-06-02 18:25:27] EDIT BarnBot/models/telegram_token.py: 1
[2016-06-02 18:26:13] EDIT BarnBot/controllers/default.py: 0
[2016-06-02 18:30:49] EDIT BarnBot/controllers/default.py: 0
[2016-06-04 07:06:28] EDIT BarnBot/controllers/default.py: 6
[2016-06-04 07:47:24] EDIT BarnBot/controllers/default.py: 0
[2016-06-04 08:05:15] EDIT BarnBot/controllers/default.py: 0
[2016-06-04 08:15:18] EDIT BarnBot/controllers/default.py: 0
[2016-06-04 08:15:47] EDIT BarnBot/controllers/default.py: 0
[2016-06-04 08:16:32] EDIT BarnBot/controllers/default.py: 0
[2016-06-04 08:16:50] EDIT BarnBot/controllers/default.py: 0
[2016-06-04 08:18:04] EDIT BarnBot/controllers/default.py: 0
[2016-06-04 08:18:48] EDIT BarnBot/controllers/default.py: 0
[2016-06-04 08:19:04] EDIT BarnBot/controllers/default.py: 0
[2016-06-04 12:32:41] EDIT BarnBot/controllers/default.py: 0
[2016-06-04 20:40:27] EDIT BarnBot/controllers/default.py: 0
[2016-06-05 07:00:44] EDIT BarnBot/models/db_tables.py: 1
[2016-06-05 07:04:01] EDIT BarnBot/controllers/default.py: 1
[2016-06-05 07:04:09] EDIT BarnBot/controllers/default.py: 0
[2016-06-05 07:04:38] EDIT BarnBot/controllers/default.py: 0
[2016-06-05 07:06:12] EDIT BarnBot/controllers/default.py: 2
[2016-06-05 07:06:25] EDIT BarnBot/controllers/default.py: 0
[2016-06-05 07:07:27] CREATE default/help.html: 0
[2016-06-05 07:58:46] EDIT BarnBot/views/default/help.html: 2101
[2016-06-05 08:01:06] EDIT BarnBot/controllers/default.py: 2
[2016-06-05 08:09:27] EDIT BarnBot/views/default/help.html: 58
[2016-06-05 08:32:05] EDIT BarnBot/controllers/default.py: 9
[2016-06-05 08:32:40] EDIT BarnBot/controllers/default.py: 0
[2016-06-05 08:32:43] EDIT BarnBot/controllers/default.py: 0
[2016-06-05 08:32:49] EDIT BarnBot/controllers/default.py: 0
[2016-06-05 08:33:15] EDIT BarnBot/controllers/default.py: 0
[2016-06-05 08:33:17] EDIT BarnBot/controllers/default.py: 0
[2016-06-05 08:33:25] EDIT BarnBot/controllers/default.py: 0
[2016-06-05 08:34:19] EDIT BarnBot/controllers/default.py: 0
[2016-06-05 09:09:03] EDIT BarnBot/controllers/default.py: 73
[2016-06-05 09:09:23] EDIT BarnBot/controllers/default.py: 0
[2016-06-05 09:09:32] EDIT BarnBot/controllers/default.py: 0
[2016-06-05 09:09:50] EDIT BarnBot/controllers/default.py: 0
[2016-06-05 09:13:40] EDIT BarnBot/controllers/default.py: 0
[2016-06-05 09:15:23] EDIT BarnBot/controllers/default.py: 3
[2016-06-05 09:16:11] EDIT BarnBot/controllers/default.py: 1
[2016-06-05 09:18:04] EDIT BarnBot/controllers/default.py: 1
[2016-06-05 09:18:40] EDIT BarnBot/controllers/default.py: 0
[2016-06-05 09:18:49] EDIT BarnBot/controllers/default.py: 0
[2016-06-05 09:19:23] EDIT BarnBot/controllers/default.py: 0
[2016-06-05 09:20:28] EDIT BarnBot/controllers/default.py: 1
[2016-06-05 09:20:43] EDIT BarnBot/controllers/default.py: 0
[2016-06-05 09:21:27] EDIT BarnBot/controllers/default.py: 0
[2016-06-05 09:21:39] EDIT BarnBot/controllers/default.py: 0
[2016-06-05 09:21:51] EDIT BarnBot/controllers/default.py: 0
[2016-06-05 09:22:04] EDIT BarnBot/controllers/default.py: 0
[2016-06-05 09:22:18] EDIT BarnBot/controllers/default.py: 0
[2016-06-05 09:24:28] EDIT BarnBot/controllers/default.py: 0
[2016-06-05 09:24:40] EDIT BarnBot/controllers/default.py: 0
[2016-06-05 09:24:44] EDIT BarnBot/controllers/default.py: 0
[2016-06-05 09:25:02] EDIT BarnBot/controllers/default.py: 0
[2016-06-05 09:25:15] EDIT BarnBot/controllers/default.py: 0
[2016-06-05 09:26:11] EDIT BarnBot/models/db_tables.py: 0
[2016-06-05 09:26:22] EDIT BarnBot/controllers/default.py: 0
[2016-06-05 09:28:34] EDIT BarnBot/controllers/default.py: 0
[2016-06-05 09:28:58] EDIT BarnBot/controllers/default.py: 0
[2016-06-05 09:35:36] EDIT BarnBot/controllers/default.py: 0
[2016-06-05 10:37:15] EDIT BarnBot/controllers/default.py: 0
[2016-06-05 10:39:03] EDIT BarnBot/controllers/default.py: 0
[2016-06-05 10:39:27] EDIT BarnBot/controllers/default.py: 0
[2016-06-05 10:44:30] EDIT BarnBot/controllers/default.py: 4
[2016-06-05 10:44:56] EDIT BarnBot/controllers/default.py: 0
[2016-06-05 10:46:11] EDIT BarnBot/controllers/default.py: 0
[2016-06-05 10:46:26] EDIT BarnBot/controllers/default.py: 0
[2016-06-05 10:47:17] EDIT BarnBot/controllers/default.py: -1
[2016-06-05 10:51:07] EDIT BarnBot/controllers/default.py: 0
[2016-06-05 10:53:38] EDIT BarnBot/controllers/default.py: 11
[2016-06-05 10:54:08] EDIT BarnBot/controllers/default.py: 0
[2016-06-05 10:59:03] EDIT BarnBot/controllers/default.py: 0
[2016-06-05 10:59:51] EDIT BarnBot/controllers/default.py: 0
[2016-06-05 11:00:05] EDIT BarnBot/controllers/default.py: 0
[2016-06-05 11:00:39] EDIT BarnBot/controllers/default.py: 0
[2016-06-05 11:01:09] EDIT BarnBot/controllers/default.py: 0
[2016-06-05 11:03:59] EDIT BarnBot/controllers/default.py: -1
[2016-06-05 11:08:34] EDIT BarnBot/controllers/default.py: 2
[2016-06-05 11:08:58] EDIT BarnBot/controllers/default.py: 0
[2016-06-05 11:09:38] EDIT BarnBot/controllers/default.py: 0
[2016-06-05 11:12:20] EDIT BarnBot/controllers/default.py: 0
[2016-06-05 11:13:38] EDIT BarnBot/controllers/default.py: 0
[2016-06-05 11:15:34] EDIT BarnBot/controllers/default.py: 0
[2016-06-05 11:16:34] EDIT BarnBot/controllers/default.py: 0
[2016-06-05 11:25:02] EDIT BarnBot/controllers/default.py: 2
[2016-06-05 11:25:08] EDIT BarnBot/controllers/default.py: 0
[2016-06-05 11:25:51] EDIT BarnBot/controllers/default.py: 0
[2016-06-05 11:25:53] EDIT BarnBot/controllers/default.py: 0
[2016-06-05 11:26:02] EDIT BarnBot/controllers/default.py: 0
[2016-06-05 11:39:22] EDIT BarnBot/controllers/default.py: 10
[2016-06-05 11:40:18] EDIT BarnBot/controllers/default.py: -2
[2016-06-05 11:54:44] EDIT BarnBot/controllers/default.py: 13
[2016-06-05 11:56:11] EDIT BarnBot/controllers/default.py: 0
[2016-06-05 11:56:18] EDIT BarnBot/controllers/default.py: 0
[2016-06-05 11:56:51] EDIT BarnBot/controllers/default.py: 0
[2016-06-05 12:02:05] EDIT BarnBot/controllers/default.py: 1
[2016-06-05 12:02:35] EDIT BarnBot/controllers/default.py: 0
[2016-06-05 12:02:46] EDIT BarnBot/controllers/default.py: 0
[2016-06-05 13:39:13] EDIT BarnBot/views/default/help.html: 0
[2016-06-05 14:52:51] EDIT BarnBot/models/db_tables.py: 15
[2016-06-05 14:53:49] EDIT BarnBot/models/db_tables.py: 0
[2016-06-05 17:17:22] EDIT BarnBot/controllers/default.py: 4
[2016-06-09 15:22:34] EDIT BarnBot/controllers/default.py: 0
